c:\users\silde\desktop\attempt 6 graphics\attempt 6 graphics\release\vc143.pdb
c:\users\silde\desktop\attempt 6 graphics\attempt 6 graphics\release\attempt 6.obj
c:\users\silde\desktop\attempt 6 graphics\attempt 6 graphics\release\resource.res
c:\users\silde\desktop\attempt 6 graphics\attempt 6 graphics\release\attempt 6 graphics.ipdb
c:\users\silde\desktop\attempt 6 graphics\attempt 6 graphics\release\attempt 6 graphics.iobj
c:\users\silde\desktop\attempt 6 graphics\attempt 6 graphics\release\vc142.pdb
c:\users\silde\desktop\attempt 6 graphics\release\attempt 6 graphics.pdb
c:\users\silde\desktop\attempt 6 graphics\attempt 6 graphics\release\attempt .7e8f41b8.tlog\cl.command.1.tlog
c:\users\silde\desktop\attempt 6 graphics\attempt 6 graphics\release\attempt .7e8f41b8.tlog\cl.items.tlog
c:\users\silde\desktop\attempt 6 graphics\attempt 6 graphics\release\attempt .7e8f41b8.tlog\cl.read.1.tlog
c:\users\silde\desktop\attempt 6 graphics\attempt 6 graphics\release\attempt .7e8f41b8.tlog\cl.write.1.tlog
c:\users\silde\desktop\attempt 6 graphics\attempt 6 graphics\release\attempt .7e8f41b8.tlog\link.command.1.tlog
c:\users\silde\desktop\attempt 6 graphics\attempt 6 graphics\release\attempt .7e8f41b8.tlog\link.read.1.tlog
c:\users\silde\desktop\attempt 6 graphics\attempt 6 graphics\release\attempt .7e8f41b8.tlog\link.read.34.tlog
c:\users\silde\desktop\attempt 6 graphics\attempt 6 graphics\release\attempt .7e8f41b8.tlog\link.read.35.tlog
c:\users\silde\desktop\attempt 6 graphics\attempt 6 graphics\release\attempt .7e8f41b8.tlog\link.read.47.tlog
c:\users\silde\desktop\attempt 6 graphics\attempt 6 graphics\release\attempt .7e8f41b8.tlog\link.secondary.1.tlog
c:\users\silde\desktop\attempt 6 graphics\attempt 6 graphics\release\attempt .7e8f41b8.tlog\link.write.1.tlog
c:\users\silde\desktop\attempt 6 graphics\attempt 6 graphics\release\attempt .7e8f41b8.tlog\rc.command.1.tlog
c:\users\silde\desktop\attempt 6 graphics\attempt 6 graphics\release\attempt .7e8f41b8.tlog\rc.read.1.tlog
c:\users\silde\desktop\attempt 6 graphics\attempt 6 graphics\release\attempt .7e8f41b8.tlog\rc.write.1.tlog
